<?xml version="1.0" encoding="UTF-8"?>
<!-- Generated by org.testng.reporters.JUnitReportReporter -->
<testsuite hostname="LTIN511698" failures="0" tests="2" name="testCases.TC_04" time="63.549" errors="0" timestamp="2024-02-26T11:17:21 IST" skipped="0">
  <testcase classname="testCases.TC_04" name="checkDemoPageOpened" time="52.277"/>
  <system-out/>
  <testcase classname="testCases.TC_04" name="validateForm_Valid_Detials" time="11.272"/>
  <system-out/>
</testsuite> <!-- testCases.TC_04 -->
