<?xml version="1.0" encoding="UTF-8"?>
<!-- Generated by org.testng.reporters.JUnitReportReporter -->
<testsuite hostname="LTIN511698" failures="0" tests="2" name="testCases.TC_02" time="23.011" errors="0" timestamp="2024-02-26T11:17:21 IST" skipped="0">
  <testcase classname="testCases.TC_02" name="checkSurgiersPageOpened" time="22.463"/>
  <system-out/>
  <testcase classname="testCases.TC_02" name="printSurgeries" time="0.548"/>
  <system-out/>
</testsuite> <!-- testCases.TC_02 -->
