<?xml version="1.0" encoding="UTF-8"?>
<!-- Generated by org.testng.reporters.JUnitReportReporter -->
<testsuite hostname="LTIN511698" failures="0" tests="2" name="testCases.TC_03" time="10.345" errors="0" timestamp="2024-02-27T12:03:51 IST" skipped="0">
  <testcase classname="testCases.TC_03" name="checkDemoPageOpened" time="9.274"/>
  <system-out/>
  <testcase classname="testCases.TC_03" name="validateForm_Invalid_Detials" time="1.071"/>
  <system-out/>
</testsuite> <!-- testCases.TC_03 -->
