<?xml version="1.0" encoding="UTF-8"?>
<!-- Generated by org.testng.reporters.JUnitReportReporter -->
<testsuite hostname="LTIN511698" failures="0" tests="2" name="testCases.TC_02" time="3.453" errors="0" timestamp="2024-02-27T12:03:51 IST" skipped="0">
  <testcase classname="testCases.TC_02" name="checkSurgiersPageOpened" time="2.774"/>
  <system-out/>
  <testcase classname="testCases.TC_02" name="printSurgeries" time="0.679"/>
  <system-out/>
</testsuite> <!-- testCases.TC_02 -->
