<?xml version="1.0" encoding="UTF-8"?>
<!-- Generated by org.testng.reporters.JUnitReportReporter -->
<testsuite hostname="LTIN511698" failures="0" tests="2" name="testCases.TC_01" time="246.429" errors="0" timestamp="2024-02-26T11:17:21 IST" skipped="0">
  <testcase classname="testCases.TC_01" name="checkUrl" time="0.292"/>
  <system-out/>
  <testcase classname="testCases.TC_01" name="checkDoctorDetials" time="246.137"/>
  <system-out/>
</testsuite> <!-- testCases.TC_01 -->
