<?xml version="1.0" encoding="UTF-8"?>
<!-- Generated by org.testng.reporters.JUnitReportReporter -->
<testsuite hostname="LTIN511698" failures="0" tests="2" name="testCases.TC_03" time="44.981" errors="0" timestamp="2024-02-26T11:17:21 IST" skipped="0">
  <testcase classname="testCases.TC_03" name="checkDemoPageOpened" time="44.196"/>
  <system-out/>
  <testcase classname="testCases.TC_03" name="validateForm_Invalid_Detials" time="0.785"/>
  <system-out/>
</testsuite> <!-- testCases.TC_03 -->
