<?xml version="1.0" encoding="UTF-8"?>
<!-- Generated by org.testng.reporters.JUnitReportReporter -->
<testsuite hostname="LTIN511698" failures="0" tests="2" name="testCases.TC_01" time="22.151" errors="0" timestamp="2024-02-27T12:03:51 IST" skipped="0">
  <testcase classname="testCases.TC_01" name="checkUrl" time="0.254"/>
  <system-out/>
  <testcase classname="testCases.TC_01" name="checkDoctorDetials" time="21.897"/>
  <system-out/>
</testsuite> <!-- testCases.TC_01 -->
